\BOOKMARK [1][-]{section.1}{\376\377\000I\000n\000t\000r\000o\000d\000u\000c\000c\000i\000\363}{}% 1
\BOOKMARK [1][-]{section.2}{\376\377\000I\000m\000p\000l\000e\000m\000e\000n\000t\000a\000c\000i\000\363\000\040\000d\000e\000l\000\040\000M\000V\000C}{}% 2
\BOOKMARK [1][-]{section.3}{\376\377\000I\000m\000p\000l\000e\000m\000e\000n\000t\000a\000c\000i\000\363\000\040\000d\000e\000\040\000l\000a\000\040\000s\000o\000l\000u\000c\000i\000\363}{}% 3
\BOOKMARK [2][-]{subsection.3.1}{\376\377\000P\000r\000o\000b\000l\000e\000m\000e\000s\000\040\000a\000\040\000r\000e\000s\000o\000l\000d\000r\000e}{section.3}% 4
\BOOKMARK [2][-]{subsection.3.2}{\376\377\000S\000o\000l\000u\000c\000i\000o\000n\000s\000\040\000a\000d\000o\000p\000t\000a\000d\000e\000s}{section.3}% 5
\BOOKMARK [2][-]{subsection.3.3}{\376\377\000R\000e\000s\000o\000l\000u\000c\000i\000\363\000\040\000g\000e\000n\000e\000r\000a\000l}{section.3}% 6
\BOOKMARK [2][-]{subsection.3.4}{\376\377\000A\000l\000g\000o\000r\000i\000t\000m\000e\000\040\000d\000e\000\040\000D\000i\000j\000k\000s\000t\000r\000a}{section.3}% 7
\BOOKMARK [3][-]{subsubsection.3.4.1}{\376\377\000T\000r\000o\000b\000a\000r\000\040\000p\000e\000s\000o\000s}{subsection.3.4}% 8
\BOOKMARK [1][-]{section.4}{\376\377\000M\000o\000d\000e\000l}{}% 9
\BOOKMARK [2][-]{subsection.4.1}{\376\377\000P\000o\000b\000l\000e}{section.4}% 10
\BOOKMARK [2][-]{subsection.4.2}{\376\377\000C\000a\000r\000r\000e\000t\000e\000r\000a}{section.4}% 11
\BOOKMARK [2][-]{subsection.4.3}{\376\377\000M\000a\000p\000a}{section.4}% 12
\BOOKMARK [1][-]{section.5}{\376\377\000V\000i\000s\000t\000a}{}% 13
\BOOKMARK [2][-]{subsection.5.1}{\376\377\000C\000l\000a\000s\000s\000e\000\040\000P\000a\000n\000e\000l\000l}{section.5}% 14
\BOOKMARK [1][-]{section.6}{\376\377\000C\000o\000n\000t\000r\000o\000l\000a\000d\000o\000r}{}% 15
\BOOKMARK [1][-]{section.7}{\376\377\000P\000r\000o\000g\000r\000a\000m\000a\000\040\000P\000r\000i\000n\000c\000i\000p\000a\000l}{}% 16
\BOOKMARK [1][-]{section.8}{\376\377\000J\000o\000c\000\040\000d\000e\000\040\000p\000r\000o\000v\000e\000s}{}% 17
\BOOKMARK [2][-]{subsection.8.1}{\376\377\000P\000r\000i\000m\000e\000r\000\040\000c\000a\000s\000\040\000d\000e\000\040\000p\000r\000o\000v\000a}{section.8}% 18
\BOOKMARK [2][-]{subsection.8.2}{\376\377\000S\000e\000g\000o\000n\000\040\000c\000a\000s\000\040\000d\000e\000\040\000p\000r\000o\000v\000a}{section.8}% 19
\BOOKMARK [2][-]{subsection.8.3}{\376\377\000T\000e\000r\000c\000e\000r\000\040\000c\000a\000s\000\040\000d\000e\000\040\000p\000r\000o\000v\000a}{section.8}% 20
\BOOKMARK [1][-]{section.9}{\376\377\000C\000o\000n\000c\000l\000u\000s\000i\000o\000n\000s\000\040\000F\000i\000n\000a\000l\000s}{}% 21
\BOOKMARK [1][-]{section.10}{\376\377\000B\000i\000b\000l\000i\000o\000g\000r\000a\000f\000i\000a}{}% 22
